
Aug 18, 2023 12:54:07.65 NEW SESSION
Aug 18, 2023 12:54:07.65 [3556:3608:0818/125407.655:ERROR:device_event_log_impl.cc(222)] [12:54:07.654] USB: usb_service_win.cc:104 SetupDiGetDeviceProperty({{A45C254E-DF1C-4EFD-8020-67D146A850E0}, 6}) failed: Element not found. (0x490)
Aug 18, 2023 13:29:47.76 [7904:12212:0818/132947.763:ERROR:cert_verify_proc_builtin.cc(701)] CertVerifyProcBuiltin for swc.cdn.skype.com failed:
Aug 18, 2023 13:29:47.76 ----- Certificate i=0 (CN=msftdomains.com) -----
Aug 18, 2023 13:29:47.76 ERROR: Time is after notAfter
Aug 18, 2023 13:29:47.76 
Aug 18, 2023 13:29:47.76 
Aug 18, 2023 14:49:44.78 [7904:9384:0818/144944.654:ERROR:device_event_log_impl.cc(222)] [14:49:44.640] USB: usb_service_win.cc:104 SetupDiGetDeviceProperty({{A45C254E-DF1C-4EFD-8020-67D146A850E0}, 6}) failed: Element not found. (0x490)

Aug 19, 2023 18:37:30.81 NEW SESSION
Aug 19, 2023 18:37:30.81 [6104:1784:0819/183730.654:ERROR:device_event_log_impl.cc(222)] [18:37:30.640] USB: usb_service_win.cc:104 SetupDiGetDeviceProperty({{A45C254E-DF1C-4EFD-8020-67D146A850E0}, 6}) failed: Element not found. (0x490)

Aug 21, 2023 13:09:09.45 NEW SESSION
Aug 21, 2023 13:09:09.45 [4352:9756:0821/130909.454:ERROR:persistent_memory_allocator.cc(847)] Corruption detected in shared-memory segment.
Aug 21, 2023 14:08:21.58 [2968:6656:0821/140821.586:ERROR:cert_issuer_source_aia.cc(134)] AiaRequest::OnFetchCompleted got error -301
Aug 21, 2023 14:08:21.58 [2968:6656:0821/140821.586:ERROR:cert_verify_proc_builtin.cc(701)] CertVerifyProcBuiltin for swc.cdn.skype.com failed:
Aug 21, 2023 14:08:21.58 ----- Certificate i=0 (CN=msftdomains.com) -----
Aug 21, 2023 14:08:21.58 ERROR: Time is after notAfter
Aug 21, 2023 14:08:21.59 
Aug 21, 2023 14:08:21.59 

Aug 23, 2023 24:28:42.07 NEW SESSION
Aug 23, 2023 24:28:42.07 [5628:6576:0823/002842.067:ERROR:backend_impl.cc(1040)] Critical error found -8
Aug 23, 2023 24:28:43.85 [5628:2836:0823/002843.851:ERROR:persistent_memory_allocator.cc(847)] Corruption detected in shared-memory segment.
Aug 23, 2023 24:28:43.90 [5628:5404:0823/002843.901:ERROR:connection_factory_impl.cc(428)] Failed to connect to MCS endpoint with error -106
Aug 23, 2023 24:28:55.29 [5628:5404:0823/002855.291:ERROR:connection_factory_impl.cc(428)] Failed to connect to MCS endpoint with error -106
Aug 23, 2023 24:29:37.25 [5628:5404:0823/002937.249:ERROR:connection_factory_impl.cc(428)] Failed to connect to MCS endpoint with error -106
Aug 23, 2023 24:31:09.08 [5628:5404:0823/003109.084:ERROR:connection_factory_impl.cc(428)] Failed to connect to MCS endpoint with error -106
Aug 23, 2023 24:31:59.84 [5628:5404:0823/003159.847:ERROR:connection_factory_impl.cc(428)] Failed to connect to MCS endpoint with error -105
Aug 23, 2023 24:32:23.85 [5628:4884:0823/003223.850:ERROR:cert_issuer_source_aia.cc(149)] AiaRequest::OnFetchCompleted got error -301
Aug 23, 2023 24:32:23.85 [5628:4884:0823/003223.850:ERROR:cert_verify_proc_builtin.cc(701)] CertVerifyProcBuiltin for swc.cdn.skype.com failed:
Aug 23, 2023 24:32:23.85 ----- Certificate i=0 (CN=msftdomains.com) -----
Aug 23, 2023 24:32:23.85 ERROR: Time is after notAfter
Aug 23, 2023 24:32:23.85 
Aug 23, 2023 24:32:23.85 

Aug 23, 2023 17:25:21.21 NEW SESSION
Aug 23, 2023 17:25:21.21 [8868:12680:0823/172521.207:ERROR:connection_factory_impl.cc(471)] ConnectionHandler failed with net error: -2
Aug 23, 2023 17:53:41.65 [8868:12984:0823/175341.655:ERROR:device_event_log_impl.cc(222)] [17:53:41.641] USB: usb_service_win.cc:104 SetupDiGetDeviceProperty({{A45C254E-DF1C-4EFD-8020-67D146A850E0}, 6}) failed: Element not found. (0x490)
Aug 23, 2023 17:55:39.56 [8868:4484:0823/175539.561:ERROR:cert_verify_proc_builtin.cc(701)] CertVerifyProcBuiltin for e2c47.gcp.gvt2.com failed:
Aug 23, 2023 17:55:39.56 ----- Certificate i=0 (CN=*.gcp.gvt2.com) -----
Aug 23, 2023 17:55:39.56 ERROR: Time is after notAfter
Aug 23, 2023 17:55:39.56 
Aug 23, 2023 17:55:39.56 
Aug 23, 2023 17:55:54.07 [8868:4484:0823/175554.072:ERROR:cert_verify_proc_builtin.cc(701)] CertVerifyProcBuiltin for e2c22.gcp.gvt2.com failed:
Aug 23, 2023 17:55:54.07 ----- Certificate i=0 (CN=*.gcp.gvt2.com) -----
Aug 23, 2023 17:55:54.07 ERROR: Time is after notAfter
Aug 23, 2023 17:55:54.07 
Aug 23, 2023 17:55:54.07 
Aug 23, 2023 17:58:40.56 [8868:4484:0823/175840.562:ERROR:cert_verify_proc_builtin.cc(701)] CertVerifyProcBuiltin for e2c42.gcp.gvt2.com failed:
Aug 23, 2023 17:58:40.56 ----- Certificate i=0 (CN=*.gcp.gvt2.com) -----
Aug 23, 2023 17:58:40.56 ERROR: Time is after notAfter
Aug 23, 2023 17:58:40.56 
Aug 23, 2023 17:58:40.56 
Aug 23, 2023 17:58:42.38 [8868:4484:0823/175842.382:ERROR:cert_verify_proc_builtin.cc(701)] CertVerifyProcBuiltin for e2c57.gcp.gvt2.com failed:
Aug 23, 2023 17:58:42.38 ----- Certificate i=0 (CN=*.gcp.gvt2.com) -----
Aug 23, 2023 17:58:42.38 ERROR: Time is after notAfter
Aug 23, 2023 17:58:42.38 
Aug 23, 2023 17:58:42.38 
Aug 23, 2023 18:07:40.23 [8868:4484:0823/180740.233:ERROR:cert_verify_proc_builtin.cc(701)] CertVerifyProcBuiltin for e2c63.gcp.gvt2.com failed:
Aug 23, 2023 18:07:40.23 ----- Certificate i=0 (CN=*.gcp.gvt2.com) -----
Aug 23, 2023 18:07:40.23 ERROR: Time is after notAfter
Aug 23, 2023 18:07:40.23 
Aug 23, 2023 18:07:40.23 

Aug 24, 2023 15:52:52.49 NEW SESSION
Aug 24, 2023 15:52:52.49 [6292:8412:0824/155252.478:ERROR:connection_factory_impl.cc(471)] ConnectionHandler failed with net error: -2
Aug 24, 2023 16:32:18.63 [6292:7084:0824/163218.639:ERROR:device_event_log_impl.cc(222)] [16:32:18.640] USB: usb_service_win.cc:104 SetupDiGetDeviceProperty({{A45C254E-DF1C-4EFD-8020-67D146A850E0}, 6}) failed: Element not found. (0x490)
Aug 24, 2023 16:32:19.66 [6292:8412:0824/163219.665:ERROR:connection_handler_impl.cc(472)] Timed out waiting for GCM Protocol buffer.
Aug 24, 2023 16:32:19.66 [6292:8412:0824/163219.665:ERROR:connection_factory_impl.cc(471)] ConnectionHandler failed with net error: -7
Aug 24, 2023 16:38:09.11 [6292:2976:0824/163809.117:ERROR:cert_issuer_source_aia.cc(149)] AiaRequest::OnFetchCompleted got error -301
Aug 24, 2023 16:38:09.11 [6292:2976:0824/163809.117:ERROR:cert_verify_proc_builtin.cc(701)] CertVerifyProcBuiltin for swc.cdn.skype.com failed:
Aug 24, 2023 16:38:09.11 ----- Certificate i=0 (CN=msftdomains.com) -----
Aug 24, 2023 16:38:09.11 ERROR: Time is after notAfter
Aug 24, 2023 16:38:09.11 
Aug 24, 2023 16:38:09.11 
Aug 24, 2023 17:21:54.66 [6292:2976:0824/172154.661:ERROR:cert_verify_proc_builtin.cc(701)] CertVerifyProcBuiltin for e2c28.gcp.gvt2.com failed:
Aug 24, 2023 17:21:54.66 ----- Certificate i=0 (CN=*.gcp.gvt2.com) -----
Aug 24, 2023 17:21:54.66 ERROR: Time is after notAfter
Aug 24, 2023 17:21:54.66 
Aug 24, 2023 17:21:54.66 

Aug 24, 2023 23:36:35.58 NEW SESSION
Aug 24, 2023 23:36:35.58 [9916:12124:0824/233635.586:ERROR:connection_factory_impl.cc(428)] Failed to connect to MCS endpoint with error -106
Aug 24, 2023 23:36:35.58 [9916:12124:0824/233635.588:ERROR:checkin_request.cc(243)] Check-in request got net error: -106
Aug 24, 2023 23:37:01.32 [9916:12124:0824/233701.326:ERROR:checkin_request.cc(243)] Check-in request got net error: -106
Aug 24, 2023 23:37:04.11 [9916:12124:0824/233704.114:ERROR:connection_factory_impl.cc(428)] Failed to connect to MCS endpoint with error -106
Aug 24, 2023 23:37:49.83 [9916:12124:0824/233749.838:ERROR:connection_factory_impl.cc(428)] Failed to connect to MCS endpoint with error -106
Aug 24, 2023 23:37:50.12 [9916:12124:0824/233750.122:ERROR:checkin_request.cc(243)] Check-in request got net error: -106
Aug 24, 2023 23:39:33.15 [9916:12124:0824/233933.154:ERROR:connection_factory_impl.cc(428)] Failed to connect to MCS endpoint with error -106
Aug 24, 2023 23:39:38.89 [9916:12124:0824/233938.897:ERROR:checkin_request.cc(243)] Check-in request got net error: -106
Aug 24, 2023 23:42:28.38 [9916:12124:0824/234228.387:ERROR:checkin_request.cc(243)] Check-in request got net error: -106
Aug 24, 2023 23:42:57.51 [9916:12124:0824/234257.510:ERROR:connection_factory_impl.cc(428)] Failed to connect to MCS endpoint with error -106
Aug 24, 2023 23:47:45.31 [9916:12124:0824/234745.310:ERROR:connection_factory_impl.cc(428)] Failed to connect to MCS endpoint with error -105
Aug 24, 2023 23:48:02.81 [9916:12124:0824/234802.809:ERROR:connection_factory_impl.cc(428)] Failed to connect to MCS endpoint with error -105
Aug 24, 2023 23:48:07.56 [9916:12124:0824/234807.561:ERROR:connection_factory_impl.cc(428)] Failed to connect to MCS endpoint with error -106
Aug 24, 2023 23:48:28.49 [9916:12124:0824/234828.493:ERROR:connection_factory_impl.cc(428)] Failed to connect to MCS endpoint with error -105
Aug 24, 2023 23:48:54.84 [9916:12124:0824/234854.848:ERROR:connection_factory_impl.cc(428)] Failed to connect to MCS endpoint with error -105
Aug 24, 2023 23:49:25.94 [9916:12124:0824/234925.943:ERROR:connection_factory_impl.cc(428)] Failed to connect to MCS endpoint with error -106
Aug 24, 2023 23:50:02.98 [9916:12124:0824/235002.982:ERROR:checkin_request.cc(243)] Check-in request got net error: -106
Aug 24, 2023 23:50:35.38 [9916:12124:0824/235035.387:ERROR:connection_factory_impl.cc(428)] Failed to connect to MCS endpoint with error -105
Aug 24, 2023 23:50:43.68 [9916:12124:0824/235043.683:ERROR:connection_factory_impl.cc(428)] Failed to connect to MCS endpoint with error -106
Aug 24, 2023 23:51:01.30 [9916:12124:0824/235101.298:ERROR:connection_factory_impl.cc(428)] Failed to connect to MCS endpoint with error -105
Aug 24, 2023 23:53:22.04 [9916:12520:0824/235322.044:ERROR:cert_issuer_source_aia.cc(149)] AiaRequest::OnFetchCompleted got error -301
Aug 24, 2023 23:53:22.04 [9916:12520:0824/235322.044:ERROR:cert_verify_proc_builtin.cc(701)] CertVerifyProcBuiltin for swc.cdn.skype.com failed:
Aug 24, 2023 23:53:22.04 ----- Certificate i=0 (CN=msftdomains.com) -----
Aug 24, 2023 23:53:22.04 ERROR: Time is after notAfter
Aug 24, 2023 23:53:22.04 
Aug 24, 2023 23:53:22.04 

Aug 25, 2023 13:26:03.21 NEW SESSION
Aug 25, 2023 13:26:03.21 [9832:4732:0825/132603.209:ERROR:navigation_entry_remover.cc(221)] RemoveNavigationEntries(), deleted_rows count = 1, is_from_expiration = 0, deletion_reason = 1
Aug 25, 2023 13:26:40.40 [9832:4732:0825/132640.404:ERROR:navigation_entry_remover.cc(221)] RemoveNavigationEntries(), deleted_rows count = 1, is_from_expiration = 0, deletion_reason = 1
Aug 25, 2023 13:40:07.57 [12756:10904:0825/134007.575:ERROR:connection_factory_impl.cc(428)] Failed to connect to MCS endpoint with error -106
Aug 25, 2023 13:46:52.93 [12756:4996:0825/134652.937:ERROR:navigation_entry_remover.cc(221)] RemoveNavigationEntries(), deleted_rows count = 5, is_from_expiration = 0, deletion_reason = 1
Aug 25, 2023 13:50:56.21 [7432:11380:0825/135056.217:ERROR:navigation_entry_remover.cc(221)] RemoveNavigationEntries(), deleted_rows count = 2, is_from_expiration = 0, deletion_reason = 1
Aug 25, 2023 14:07:20.40 [7432:11380:0825/140720.400:ERROR:sharing_service.cc(250)] Device un-registration failed with fatal error

Aug 26, 2023 15:04:40.77 NEW SESSION
Aug 26, 2023 15:04:40.77 [1588:13388:0826/150440.654:ERROR:device_event_log_impl.cc(222)] [15:04:40.641] USB: usb_service_win.cc:104 SetupDiGetDeviceProperty({{A45C254E-DF1C-4EFD-8020-67D146A850E0}, 6}) failed: Element not found. (0x490)

Aug 30, 2023 20:06:21.43 NEW SESSION
Aug 30, 2023 20:06:21.43 [12588:4184:0830/200621.429:ERROR:connection_factory_impl.cc(428)] Failed to connect to MCS endpoint with error -106
Aug 30, 2023 20:06:46.81 [12588:4184:0830/200646.802:ERROR:connection_factory_impl.cc(428)] Failed to connect to MCS endpoint with error -106
Aug 30, 2023 20:06:53.32 [12588:11888:0830/200653.327:ERROR:account_info_fetcher.cc(62)] OnGetTokenFailure: Connection failed (-106).
Aug 30, 2023 20:07:33.60 [12588:4184:0830/200733.599:ERROR:connection_factory_impl.cc(428)] Failed to connect to MCS endpoint with error -106
Aug 30, 2023 20:09:00.81 [12588:4184:0830/200900.812:ERROR:connection_factory_impl.cc(428)] Failed to connect to MCS endpoint with error -106
Aug 30, 2023 20:12:09.49 [12588:4184:0830/201209.495:ERROR:connection_factory_impl.cc(428)] Failed to connect to MCS endpoint with error -106
Aug 30, 2023 20:18:28.50 [12588:4184:0830/201828.504:ERROR:connection_factory_impl.cc(428)] Failed to connect to MCS endpoint with error -106
Aug 30, 2023 20:28:28.51 [12588:4184:0830/202828.515:ERROR:connection_factory_impl.cc(428)] Failed to connect to MCS endpoint with error -106

Sep 02, 2023 16:50:35.54 NEW SESSION
Sep 02, 2023 16:50:35.54 [8160:12960:0902/165035.539:ERROR:connection_factory_impl.cc(428)] Failed to connect to MCS endpoint with error -106
Sep 02, 2023 16:51:04.20 [8160:12960:0902/165104.200:ERROR:connection_factory_impl.cc(428)] Failed to connect to MCS endpoint with error -106
Sep 02, 2023 16:51:51.75 [8160:12960:0902/165151.756:ERROR:connection_factory_impl.cc(428)] Failed to connect to MCS endpoint with error -106
Sep 02, 2023 16:53:29.98 [8160:12960:0902/165329.984:ERROR:connection_factory_impl.cc(428)] Failed to connect to MCS endpoint with error -106
Sep 02, 2023 16:56:26.87 [8160:12960:0902/165626.870:ERROR:connection_factory_impl.cc(428)] Failed to connect to MCS endpoint with error -105

Sep 04, 2023 01:31:56.75 NEW SESSION
Sep 04, 2023 01:31:56.76 [6044:12908:0904/013156.757:ERROR:connection_factory_impl.cc(428)] Failed to connect to MCS endpoint with error -106
Sep 04, 2023 01:31:56.76 [6044:12908:0904/013156.758:ERROR:checkin_request.cc(243)] Check-in request got net error: -106
Sep 04, 2023 01:32:23.33 [6044:12908:0904/013223.337:ERROR:connection_factory_impl.cc(428)] Failed to connect to MCS endpoint with error -106
Sep 04, 2023 01:32:25.26 [6044:12908:0904/013225.267:ERROR:checkin_request.cc(243)] Check-in request got net error: -106
Sep 04, 2023 01:32:27.27 [6044:8592:0904/013227.271:ERROR:account_info_fetcher.cc(62)] OnGetTokenFailure: Connection failed (-106).
Sep 04, 2023 01:33:08.54 [6044:12908:0904/013308.547:ERROR:checkin_request.cc(243)] Check-in request got net error: -106
Sep 04, 2023 01:33:10.49 [6044:12908:0904/013310.497:ERROR:connection_factory_impl.cc(428)] Failed to connect to MCS endpoint with error -106
Sep 04, 2023 01:34:31.25 [6044:12908:0904/013431.257:ERROR:checkin_request.cc(243)] Check-in request got net error: -106
Sep 04, 2023 01:35:01.22 [6044:12908:0904/013501.225:ERROR:connection_factory_impl.cc(428)] Failed to connect to MCS endpoint with error -106

Sep 04, 2023 14:14:25.63 NEW SESSION
Sep 04, 2023 14:14:25.63 [8532:14688:0904/141425.636:ERROR:connection_factory_impl.cc(428)] Failed to connect to MCS endpoint with error -106
Sep 04, 2023 14:14:49.55 [8532:14688:0904/141449.554:ERROR:connection_factory_impl.cc(428)] Failed to connect to MCS endpoint with error -106
Sep 04, 2023 14:15:50.64 [8532:14688:0904/141550.644:ERROR:connection_factory_impl.cc(428)] Failed to connect to MCS endpoint with error -106
Sep 04, 2023 14:17:38.16 [8532:14688:0904/141738.166:ERROR:connection_factory_impl.cc(428)] Failed to connect to MCS endpoint with error -106
Sep 04, 2023 14:21:37.03 [8532:14688:0904/142137.031:ERROR:connection_factory_impl.cc(428)] Failed to connect to MCS endpoint with error -106
Sep 04, 2023 14:23:06.44 [8532:4792:0904/142306.441:ERROR:get_updates_processor.cc(261)] PostClientToServerMessage() failed during GetUpdates with error 2
Sep 04, 2023 14:24:27.56 [8532:4792:0904/142427.566:ERROR:get_updates_processor.cc(261)] PostClientToServerMessage() failed during GetUpdates with error 2
Sep 04, 2023 14:26:26.17 [8532:4792:0904/142626.173:ERROR:get_updates_processor.cc(261)] PostClientToServerMessage() failed during GetUpdates with error 2
Sep 04, 2023 14:50:42.45 [8532:14688:0904/145042.453:ERROR:connection_factory_impl.cc(471)] ConnectionHandler failed with net error: -2
Sep 04, 2023 15:21:53.65 [8532:5680:0904/152153.654:ERROR:device_event_log_impl.cc(222)] [15:21:53.648] USB: usb_service_win.cc:104 SetupDiGetDeviceProperty({{A45C254E-DF1C-4EFD-8020-67D146A850E0}, 6}) failed: Element not found. (0x490)
Sep 04, 2023 15:25:34.50 INFO: Created TensorFlow Lite XNNPACK delegate for CPU.
Sep 04, 2023 15:26:55.18 INFO: Created TensorFlow Lite XNNPACK delegate for CPU.

Sep 07, 2023 17:14:27.31 NEW SESSION
Sep 07, 2023 17:14:27.31 INFO: Created TensorFlow Lite XNNPACK delegate for CPU.
